{"/workspaces/task-tracker-ci-cd/backend/db.js": {"path":"/workspaces/task-tracker-ci-cd/backend/db.js","statementMap":{"0":{"start":{"line":1,"column":16},"end":{"line":1,"column":44}},"1":{"start":{"line":2,"column":13},"end":{"line":2,"column":28}},"2":{"start":{"line":4,"column":15},"end":{"line":4,"column":61}},"3":{"start":{"line":6,"column":11},"end":{"line":6,"column":39}},"4":{"start":{"line":8,"column":0},"end":{"line":17,"column":3}},"5":{"start":{"line":9,"column":2},"end":{"line":16,"column":5}},"6":{"start":{"line":20,"column":2},"end":{"line":20,"column":63}},"7":{"start":{"line":24,"column":2},"end":{"line":31,"column":4}},"8":{"start":{"line":28,"column":6},"end":{"line":28,"column":36}},"9":{"start":{"line":28,"column":15},"end":{"line":28,"column":36}},"10":{"start":{"line":29,"column":6},"end":{"line":29,"column":63}},"11":{"start":{"line":35,"column":31},"end":{"line":35,"column":37}},"12":{"start":{"line":36,"column":2},"end":{"line":43,"column":4}},"13":{"start":{"line":40,"column":6},"end":{"line":40,"column":36}},"14":{"start":{"line":40,"column":15},"end":{"line":40,"column":36}},"15":{"start":{"line":41,"column":6},"end":{"line":41,"column":66}},"16":{"start":{"line":47,"column":2},"end":{"line":50,"column":5}},"17":{"start":{"line":48,"column":4},"end":{"line":48,"column":34}},"18":{"start":{"line":48,"column":13},"end":{"line":48,"column":34}},"19":{"start":{"line":49,"column":4},"end":{"line":49,"column":38}},"20":{"start":{"line":53,"column":0},"end":{"line":53,"column":69}}},"fnMap":{"0":{"name":"(anonymous_0)","decl":{"start":{"line":8,"column":13},"end":{"line":8,"column":14}},"loc":{"start":{"line":8,"column":19},"end":{"line":17,"column":1}},"line":8},"1":{"name":"getAllTasks","decl":{"start":{"line":19,"column":9},"end":{"line":19,"column":20}},"loc":{"start":{"line":19,"column":31},"end":{"line":21,"column":1}},"line":19},"2":{"name":"createTask","decl":{"start":{"line":23,"column":9},"end":{"line":23,"column":19}},"loc":{"start":{"line":23,"column":37},"end":{"line":32,"column":1}},"line":23},"3":{"name":"(anonymous_3)","decl":{"start":{"line":27,"column":4},"end":{"line":27,"column":5}},"loc":{"start":{"line":27,"column":19},"end":{"line":30,"column":5}},"line":27},"4":{"name":"updateTask","decl":{"start":{"line":34,"column":9},"end":{"line":34,"column":19}},"loc":{"start":{"line":34,"column":42},"end":{"line":44,"column":1}},"line":34},"5":{"name":"(anonymous_5)","decl":{"start":{"line":39,"column":4},"end":{"line":39,"column":5}},"loc":{"start":{"line":39,"column":19},"end":{"line":42,"column":5}},"line":39},"6":{"name":"deleteTask","decl":{"start":{"line":46,"column":9},"end":{"line":46,"column":19}},"loc":{"start":{"line":46,"column":34},"end":{"line":51,"column":1}},"line":46},"7":{"name":"(anonymous_7)","decl":{"start":{"line":47,"column":49},"end":{"line":47,"column":50}},"loc":{"start":{"line":47,"column":64},"end":{"line":50,"column":3}},"line":47}},"branchMap":{"0":{"loc":{"start":{"line":28,"column":6},"end":{"line":28,"column":36}},"type":"if","locations":[{"start":{"line":28,"column":6},"end":{"line":28,"column":36}},{"start":{},"end":{}}],"line":28},"1":{"loc":{"start":{"line":38,"column":12},"end":{"line":38,"column":29}},"type":"cond-expr","locations":[{"start":{"line":38,"column":24},"end":{"line":38,"column":25}},{"start":{"line":38,"column":28},"end":{"line":38,"column":29}}],"line":38},"2":{"loc":{"start":{"line":40,"column":6},"end":{"line":40,"column":36}},"type":"if","locations":[{"start":{"line":40,"column":6},"end":{"line":40,"column":36}},{"start":{},"end":{}}],"line":40},"3":{"loc":{"start":{"line":41,"column":45},"end":{"line":41,"column":62}},"type":"cond-expr","locations":[{"start":{"line":41,"column":57},"end":{"line":41,"column":58}},{"start":{"line":41,"column":61},"end":{"line":41,"column":62}}],"line":41},"4":{"loc":{"start":{"line":48,"column":4},"end":{"line":48,"column":34}},"type":"if","locations":[{"start":{"line":48,"column":4},"end":{"line":48,"column":34}},{"start":{},"end":{}}],"line":48}},"s":{"0":1,"1":1,"2":1,"3":1,"4":1,"5":1,"6":2,"7":3,"8":3,"9":0,"10":3,"11":1,"12":1,"13":1,"14":0,"15":1,"16":1,"17":1,"18":0,"19":1,"20":1},"f":{"0":1,"1":2,"2":3,"3":3,"4":1,"5":1,"6":1,"7":1},"b":{"0":[0,3],"1":[1,0],"2":[0,1],"3":[1,0],"4":[0,1]},"_coverageSchema":"1a1c01bbd47fc00a2c39e90264f33305004495a9","hash":"3b4aa240542ebeafb280af91dba4571a1c5079cb"}
,"/workspaces/task-tracker-ci-cd/backend/server.js": {"path":"/workspaces/task-tracker-ci-cd/backend/server.js","statementMap":{"0":{"start":{"line":1,"column":16},"end":{"line":1,"column":34}},"1":{"start":{"line":2,"column":13},"end":{"line":2,"column":28}},"2":{"start":{"line":3,"column":19},"end":{"line":3,"column":41}},"3":{"start":{"line":9,"column":4},"end":{"line":9,"column":19}},"4":{"start":{"line":11,"column":12},"end":{"line":11,"column":21}},"5":{"start":{"line":12,"column":13},"end":{"line":12,"column":37}},"6":{"start":{"line":14,"column":0},"end":{"line":14,"column":27}},"7":{"start":{"line":17,"column":0},"end":{"line":17,"column":64}},"8":{"start":{"line":20,"column":0},"end":{"line":25,"column":3}},"9":{"start":{"line":21,"column":2},"end":{"line":24,"column":5}},"10":{"start":{"line":22,"column":4},"end":{"line":22,"column":64}},"11":{"start":{"line":22,"column":13},"end":{"line":22,"column":64}},"12":{"start":{"line":23,"column":4},"end":{"line":23,"column":19}},"13":{"start":{"line":28,"column":0},"end":{"line":36,"column":3}},"14":{"start":{"line":29,"column":20},"end":{"line":29,"column":28}},"15":{"start":{"line":30,"column":2},"end":{"line":30,"column":94}},"16":{"start":{"line":30,"column":37},"end":{"line":30,"column":94}},"17":{"start":{"line":32,"column":2},"end":{"line":35,"column":5}},"18":{"start":{"line":33,"column":4},"end":{"line":33,"column":64}},"19":{"start":{"line":33,"column":13},"end":{"line":33,"column":64}},"20":{"start":{"line":34,"column":4},"end":{"line":34,"column":31}},"21":{"start":{"line":39,"column":0},"end":{"line":49,"column":3}},"22":{"start":{"line":40,"column":13},"end":{"line":40,"column":26}},"23":{"start":{"line":41,"column":31},"end":{"line":41,"column":39}},"24":{"start":{"line":43,"column":2},"end":{"line":43,"column":94}},"25":{"start":{"line":43,"column":37},"end":{"line":43,"column":94}},"26":{"start":{"line":45,"column":2},"end":{"line":48,"column":5}},"27":{"start":{"line":46,"column":4},"end":{"line":46,"column":64}},"28":{"start":{"line":46,"column":13},"end":{"line":46,"column":64}},"29":{"start":{"line":47,"column":4},"end":{"line":47,"column":19}},"30":{"start":{"line":52,"column":0},"end":{"line":58,"column":3}},"31":{"start":{"line":53,"column":13},"end":{"line":53,"column":26}},"32":{"start":{"line":54,"column":2},"end":{"line":57,"column":5}},"33":{"start":{"line":55,"column":4},"end":{"line":55,"column":64}},"34":{"start":{"line":55,"column":13},"end":{"line":55,"column":64}},"35":{"start":{"line":56,"column":4},"end":{"line":56,"column":21}},"36":{"start":{"line":61,"column":0},"end":{"line":63,"column":1}},"37":{"start":{"line":62,"column":2},"end":{"line":62,"column":84}},"38":{"start":{"line":62,"column":25},"end":{"line":62,"column":82}},"39":{"start":{"line":65,"column":0},"end":{"line":65,"column":21}}},"fnMap":{"0":{"name":"(anonymous_0)","decl":{"start":{"line":20,"column":22},"end":{"line":20,"column":23}},"loc":{"start":{"line":20,"column":36},"end":{"line":25,"column":1}},"line":20},"1":{"name":"(anonymous_1)","decl":{"start":{"line":21,"column":14},"end":{"line":21,"column":15}},"loc":{"start":{"line":21,"column":29},"end":{"line":24,"column":3}},"line":21},"2":{"name":"(anonymous_2)","decl":{"start":{"line":28,"column":23},"end":{"line":28,"column":24}},"loc":{"start":{"line":28,"column":37},"end":{"line":36,"column":1}},"line":28},"3":{"name":"(anonymous_3)","decl":{"start":{"line":32,"column":20},"end":{"line":32,"column":21}},"loc":{"start":{"line":32,"column":35},"end":{"line":35,"column":3}},"line":32},"4":{"name":"(anonymous_4)","decl":{"start":{"line":39,"column":26},"end":{"line":39,"column":27}},"loc":{"start":{"line":39,"column":40},"end":{"line":49,"column":1}},"line":39},"5":{"name":"(anonymous_5)","decl":{"start":{"line":45,"column":39},"end":{"line":45,"column":40}},"loc":{"start":{"line":45,"column":54},"end":{"line":48,"column":3}},"line":45},"6":{"name":"(anonymous_6)","decl":{"start":{"line":52,"column":29},"end":{"line":52,"column":30}},"loc":{"start":{"line":52,"column":43},"end":{"line":58,"column":1}},"line":52},"7":{"name":"(anonymous_7)","decl":{"start":{"line":54,"column":17},"end":{"line":54,"column":18}},"loc":{"start":{"line":54,"column":34},"end":{"line":57,"column":3}},"line":54},"8":{"name":"(anonymous_8)","decl":{"start":{"line":62,"column":19},"end":{"line":62,"column":20}},"loc":{"start":{"line":62,"column":25},"end":{"line":62,"column":82}},"line":62}},"branchMap":{"0":{"loc":{"start":{"line":12,"column":13},"end":{"line":12,"column":37}},"type":"binary-expr","locations":[{"start":{"line":12,"column":13},"end":{"line":12,"column":29}},{"start":{"line":12,"column":33},"end":{"line":12,"column":37}}],"line":12},"1":{"loc":{"start":{"line":22,"column":4},"end":{"line":22,"column":64}},"type":"if","locations":[{"start":{"line":22,"column":4},"end":{"line":22,"column":64}},{"start":{},"end":{}}],"line":22},"2":{"loc":{"start":{"line":30,"column":2},"end":{"line":30,"column":94}},"type":"if","locations":[{"start":{"line":30,"column":2},"end":{"line":30,"column":94}},{"start":{},"end":{}}],"line":30},"3":{"loc":{"start":{"line":30,"column":6},"end":{"line":30,"column":35}},"type":"binary-expr","locations":[{"start":{"line":30,"column":6},"end":{"line":30,"column":12}},{"start":{"line":30,"column":16},"end":{"line":30,"column":35}}],"line":30},"4":{"loc":{"start":{"line":33,"column":4},"end":{"line":33,"column":64}},"type":"if","locations":[{"start":{"line":33,"column":4},"end":{"line":33,"column":64}},{"start":{},"end":{}}],"line":33},"5":{"loc":{"start":{"line":43,"column":2},"end":{"line":43,"column":94}},"type":"if","locations":[{"start":{"line":43,"column":2},"end":{"line":43,"column":94}},{"start":{},"end":{}}],"line":43},"6":{"loc":{"start":{"line":43,"column":6},"end":{"line":43,"column":35}},"type":"binary-expr","locations":[{"start":{"line":43,"column":6},"end":{"line":43,"column":12}},{"start":{"line":43,"column":16},"end":{"line":43,"column":35}}],"line":43},"7":{"loc":{"start":{"line":46,"column":4},"end":{"line":46,"column":64}},"type":"if","locations":[{"start":{"line":46,"column":4},"end":{"line":46,"column":64}},{"start":{},"end":{}}],"line":46},"8":{"loc":{"start":{"line":55,"column":4},"end":{"line":55,"column":64}},"type":"if","locations":[{"start":{"line":55,"column":4},"end":{"line":55,"column":64}},{"start":{},"end":{}}],"line":55},"9":{"loc":{"start":{"line":61,"column":0},"end":{"line":63,"column":1}},"type":"if","locations":[{"start":{"line":61,"column":0},"end":{"line":63,"column":1}},{"start":{},"end":{}}],"line":61}},"s":{"0":1,"1":1,"2":1,"3":1,"4":1,"5":1,"6":1,"7":1,"8":1,"9":2,"10":2,"11":0,"12":2,"13":1,"14":4,"15":4,"16":1,"17":3,"18":3,"19":0,"20":3,"21":1,"22":1,"23":1,"24":1,"25":0,"26":1,"27":1,"28":0,"29":1,"30":1,"31":1,"32":1,"33":1,"34":0,"35":1,"36":1,"37":0,"38":0,"39":1},"f":{"0":2,"1":2,"2":4,"3":3,"4":1,"5":1,"6":1,"7":1,"8":0},"b":{"0":[1,1],"1":[0,2],"2":[1,3],"3":[4,3],"4":[0,3],"5":[0,1],"6":[1,1],"7":[0,1],"8":[0,1],"9":[0,1]},"_coverageSchema":"1a1c01bbd47fc00a2c39e90264f33305004495a9","hash":"c057114e8568f3b9310b8388a13079a1aa3cc552"}
}
