TN:
SF:backend/db.js
FN:8,(anonymous_0)
FN:19,getAllTasks
FN:23,createTask
FN:27,(anonymous_3)
FN:34,updateTask
FN:39,(anonymous_5)
FN:46,deleteTask
FN:47,(anonymous_7)
FNF:8
FNH:8
FNDA:1,(anonymous_0)
FNDA:2,getAllTasks
FNDA:3,createTask
FNDA:3,(anonymous_3)
FNDA:1,updateTask
FNDA:1,(anonymous_5)
FNDA:1,deleteTask
FNDA:1,(anonymous_7)
DA:1,1
DA:2,1
DA:4,1
DA:6,1
DA:8,1
DA:9,1
DA:20,2
DA:24,3
DA:28,3
DA:29,3
DA:35,1
DA:36,1
DA:40,1
DA:41,1
DA:47,1
DA:48,1
DA:49,1
DA:53,1
LF:18
LH:18
BRDA:28,0,0,0
BRDA:28,0,1,3
BRDA:38,1,0,1
BRDA:38,1,1,0
BRDA:40,2,0,0
BRDA:40,2,1,1
BRDA:41,3,0,1
BRDA:41,3,1,0
BRDA:48,4,0,0
BRDA:48,4,1,1
BRF:10
BRH:5
end_of_record
TN:
SF:backend/server.js
FN:20,(anonymous_0)
FN:21,(anonymous_1)
FN:28,(anonymous_2)
FN:32,(anonymous_3)
FN:39,(anonymous_4)
FN:45,(anonymous_5)
FN:52,(anonymous_6)
FN:54,(anonymous_7)
FN:62,(anonymous_8)
FNF:9
FNH:8
FNDA:2,(anonymous_0)
FNDA:2,(anonymous_1)
FNDA:4,(anonymous_2)
FNDA:3,(anonymous_3)
FNDA:1,(anonymous_4)
FNDA:1,(anonymous_5)
FNDA:1,(anonymous_6)
FNDA:1,(anonymous_7)
FNDA:0,(anonymous_8)
DA:1,1
DA:2,1
DA:3,1
DA:9,1
DA:11,1
DA:12,1
DA:14,1
DA:17,1
DA:20,1
DA:21,2
DA:22,2
DA:23,2
DA:28,1
DA:29,4
DA:30,4
DA:32,3
DA:33,3
DA:34,3
DA:39,1
DA:40,1
DA:41,1
DA:43,1
DA:45,1
DA:46,1
DA:47,1
DA:52,1
DA:53,1
DA:54,1
DA:55,1
DA:56,1
DA:61,1
DA:62,0
DA:65,1
LF:33
LH:32
BRDA:12,0,0,1
BRDA:12,0,1,1
BRDA:22,1,0,0
BRDA:22,1,1,2
BRDA:30,2,0,1
BRDA:30,2,1,3
BRDA:30,3,0,4
BRDA:30,3,1,3
BRDA:33,4,0,0
BRDA:33,4,1,3
BRDA:43,5,0,0
BRDA:43,5,1,1
BRDA:43,6,0,1
BRDA:43,6,1,1
BRDA:46,7,0,0
BRDA:46,7,1,1
BRDA:55,8,0,0
BRDA:55,8,1,1
BRDA:61,9,0,0
BRDA:61,9,1,1
BRF:20
BRH:14
end_of_record
